<?xml version="1.0" encoding="UTF-8"?>
<testng-results skipped="0" failed="0" ignored="0" total="1" passed="1">
  <reporter-output>
  </reporter-output>
  <suite name="Default suite" duration-ms="29189" started-at="2021-10-11T20:15:22Z" finished-at="2021-10-11T20:15:51Z">
    <groups>
    </groups>
    <test name="Default test" duration-ms="29189" started-at="2021-10-11T20:15:22Z" finished-at="2021-10-11T20:15:51Z">
      <class name="automation_TestNG.TestClass">
        <test-method status="PASS" signature="Init()[pri:0, instance:automation_TestNG.TestClass@7c7811]" name="Init" is-config="true" duration-ms="10" started-at="2021-10-11T20:15:22Z" finished-at="2021-10-11T20:15:22Z">
          <reporter-output>
          </reporter-output>
        </test-method> <!-- Init -->
        <test-method status="PASS" signature="Validations()[pri:0, instance:automation_TestNG.TestClass@7c7811]" name="Validations" duration-ms="29168" started-at="2021-10-11T20:15:22Z" finished-at="2021-10-11T20:15:51Z">
          <reporter-output>
          </reporter-output>
        </test-method> <!-- Validations -->
        <test-method status="PASS" signature="Quit()[pri:0, instance:automation_TestNG.TestClass@7c7811]" name="Quit" is-config="true" duration-ms="0" started-at="2021-10-11T20:15:51Z" finished-at="2021-10-11T20:15:51Z">
          <reporter-output>
          </reporter-output>
        </test-method> <!-- Quit -->
      </class> <!-- automation_TestNG.TestClass -->
    </test> <!-- Default test -->
  </suite> <!-- Default suite -->
</testng-results>
