<?xml version="1.0" encoding="UTF-8"?>
<testng-results skipped="0" failed="0" ignored="0" total="2" passed="2">
  <reporter-output>
  </reporter-output>
  <suite name="Default suite" duration-ms="21532" started-at="2021-10-08T17:27:28Z" finished-at="2021-10-08T17:27:49Z">
    <groups>
    </groups>
    <test name="Default test" duration-ms="21532" started-at="2021-10-08T17:27:28Z" finished-at="2021-10-08T17:27:49Z">
      <class name="automation_TestNG.TestClass">
        <test-method status="PASS" signature="firstCase()[pri:0, instance:automation_TestNG.TestClass@1fbf16f]" name="firstCase" duration-ms="11598" started-at="2021-10-08T17:27:28Z" finished-at="2021-10-08T17:27:39Z">
          <reporter-output>
          </reporter-output>
        </test-method> <!-- firstCase -->
        <test-method status="PASS" signature="secondCase()[pri:0, instance:automation_TestNG.TestClass@1fbf16f]" name="secondCase" duration-ms="9912" started-at="2021-10-08T17:27:39Z" finished-at="2021-10-08T17:27:49Z">
          <reporter-output>
          </reporter-output>
        </test-method> <!-- secondCase -->
      </class> <!-- automation_TestNG.TestClass -->
    </test> <!-- Default test -->
  </suite> <!-- Default suite -->
</testng-results>
